Vivado Simulator 2014.2
Copyright 1986-1999, 2001-2014 Xilinx, Inc. All Rights Reserved.
Running: H:/Vivado/Vivado/Vivado/2014.2/bin/unwrapped/win64.o/xelab.exe --debug typical --relax -L xil_defaultlib -L unisims_ver -L unimacro_ver -L secureip --snapshot CPUtest_behav --prj H:/Vivado/VivadoProject/SingleCPU/SingleCPU.sim/sim_1/behav/CPUtest.prj xil_defaultlib.CPUtest xil_defaultlib.glbl 
Multi-threading is on. Using 6 slave threads.
Determining compilation order of HDL files.
INFO: [VRFC 10-165] Analyzing Verilog file "H:/Vivado/VivadoProject/SingleCPU/SingleCPU.srcs/sources_1/new/SignZeroExtend.v" into library xil_defaultlib
INFO: [VRFC 10-311] analyzing module SignZeroExtend
INFO: [VRFC 10-165] Analyzing Verilog file "H:/Vivado/VivadoProject/SingleCPU/SingleCPU.srcs/sources_1/new/RegisterFile.v" into library xil_defaultlib
INFO: [VRFC 10-311] analyzing module RegisterFile
INFO: [VRFC 10-165] Analyzing Verilog file "H:/Vivado/VivadoProject/SingleCPU/SingleCPU.srcs/sources_1/new/PCPlus4.v" into library xil_defaultlib
INFO: [VRFC 10-311] analyzing module PCPlus4
INFO: [VRFC 10-165] Analyzing Verilog file "H:/Vivado/VivadoProject/SingleCPU/SingleCPU.srcs/sources_1/new/PC.v" into library xil_defaultlib
INFO: [VRFC 10-311] analyzing module PC
INFO: [VRFC 10-165] Analyzing Verilog file "H:/Vivado/VivadoProject/SingleCPU/SingleCPU.srcs/sources_1/new/Multiplexer4_32.v" into library xil_defaultlib
INFO: [VRFC 10-311] analyzing module Multiplexer4_32
INFO: [VRFC 10-165] Analyzing Verilog file "H:/Vivado/VivadoProject/SingleCPU/SingleCPU.srcs/sources_1/new/Multiplexer2_5.v" into library xil_defaultlib
INFO: [VRFC 10-311] analyzing module Multiplexer2_5
INFO: [VRFC 10-165] Analyzing Verilog file "H:/Vivado/VivadoProject/SingleCPU/SingleCPU.srcs/sources_1/new/Multiplexer2_32_5.v" into library xil_defaultlib
INFO: [VRFC 10-311] analyzing module Multiplexer2_32_5
INFO: [VRFC 10-165] Analyzing Verilog file "H:/Vivado/VivadoProject/SingleCPU/SingleCPU.srcs/sources_1/new/Multiplexer2_32.v" into library xil_defaultlib
INFO: [VRFC 10-311] analyzing module Multiplexer2_32
INFO: [VRFC 10-165] Analyzing Verilog file "H:/Vivado/VivadoProject/SingleCPU/SingleCPU.srcs/sources_1/new/J_Address.v" into library xil_defaultlib
INFO: [VRFC 10-311] analyzing module J_Address
INFO: [VRFC 10-165] Analyzing Verilog file "H:/Vivado/VivadoProject/SingleCPU/SingleCPU.srcs/sources_1/new/InstructMemory.v" into library xil_defaultlib
INFO: [VRFC 10-311] analyzing module InstructMemory
INFO: [VRFC 10-165] Analyzing Verilog file "H:/Vivado/VivadoProject/SingleCPU/SingleCPU.srcs/sources_1/new/DataMemory.v" into library xil_defaultlib
INFO: [VRFC 10-311] analyzing module DataMemory
INFO: [VRFC 10-165] Analyzing Verilog file "H:/Vivado/VivadoProject/SingleCPU/SingleCPU.srcs/sources_1/new/ControlUnit.v" into library xil_defaultlib
INFO: [VRFC 10-311] analyzing module ControlUnit
INFO: [VRFC 10-165] Analyzing Verilog file "H:/Vivado/VivadoProject/SingleCPU/SingleCPU.srcs/sources_1/new/BranchPlus.v" into library xil_defaultlib
INFO: [VRFC 10-311] analyzing module BranchPlus
INFO: [VRFC 10-165] Analyzing Verilog file "H:/Vivado/VivadoProject/SingleCPU/SingleCPU.srcs/sources_1/new/ALU.v" into library xil_defaultlib
INFO: [VRFC 10-311] analyzing module ALU
INFO: [VRFC 10-165] Analyzing Verilog file "H:/Vivado/VivadoProject/SingleCPU/SingleCPU.srcs/sources_1/new/CPU.v" into library xil_defaultlib
INFO: [VRFC 10-311] analyzing module CPU
INFO: [VRFC 10-165] Analyzing Verilog file "H:/Vivado/VivadoProject/SingleCPU/SingleCPU.srcs/sim_1/new/CPUtest.v" into library xil_defaultlib
INFO: [VRFC 10-311] analyzing module CPUtest
INFO: [VRFC 10-165] Analyzing Verilog file "H:/Vivado/Vivado/Vivado/2014.2/data/verilog/src/glbl.v" into library xil_defaultlib
INFO: [VRFC 10-311] analyzing module glbl
Starting static elaboration
Completed static elaboration
Starting simulation data flow analysis
Completed simulation data flow analysis
Time Resolution for simulation is 1ps
Compiling module xil_defaultlib.PC
Compiling module xil_defaultlib.PCPlus4
Compiling module xil_defaultlib.InstructMemory
Compiling module xil_defaultlib.ControlUnit
Compiling module xil_defaultlib.Multiplexer2_5
Compiling module xil_defaultlib.RegisterFile
Compiling module xil_defaultlib.Multiplexer2_32_5
Compiling module xil_defaultlib.SignZeroExtend
Compiling module xil_defaultlib.Multiplexer2_32
Compiling module xil_defaultlib.ALU
Compiling module xil_defaultlib.DataMemory
Compiling module xil_defaultlib.J_Address
Compiling module xil_defaultlib.BranchPlus
Compiling module xil_defaultlib.Multiplexer4_32
Compiling module xil_defaultlib.CPU
Compiling module xil_defaultlib.CPUtest
Compiling module xil_defaultlib.glbl
Built simulation snapshot CPUtest_behav
